[debug] [2023-11-29T04:37:01.648Z] ----------------------------------------------------------------------
[debug] [2023-11-29T04:37:01.654Z] Command:       C:\Program Files\nodejs\node.exe C:\Users\ACER\AppData\Roaming\npm\node_modules\firebase-tools\lib\bin\firebase.js deploy
[debug] [2023-11-29T04:37:01.655Z] CLI Version:   12.9.1
[debug] [2023-11-29T04:37:01.656Z] Platform:      win32
[debug] [2023-11-29T04:37:01.656Z] Node Version:  v18.17.1
[debug] [2023-11-29T04:37:01.659Z] Time:          Wed Nov 29 2023 10:07:01 GMT+0530 (India Standard Time)
[debug] [2023-11-29T04:37:01.659Z] ----------------------------------------------------------------------
[debug] 
[debug] [2023-11-29T04:37:01.806Z] > command requires scopes: ["email","openid","https://www.googleapis.com/auth/cloudplatformprojects.readonly","https://www.googleapis.com/auth/firebase","https://www.googleapis.com/auth/cloud-platform"]
[debug] [2023-11-29T04:37:01.807Z] > authorizing via signed-in user (209x1a0540@gprec.ac.in)
[debug] [2023-11-29T04:37:01.807Z] [iam] checking project miniresume for permissions ["firebase.projects.get","firebasehosting.sites.update"]
[debug] [2023-11-29T04:37:01.811Z] >>> [apiv2][query] POST https://cloudresourcemanager.googleapis.com/v1/projects/miniresume:testIamPermissions [none]
[debug] [2023-11-29T04:37:01.811Z] >>> [apiv2][(partial)header] POST https://cloudresourcemanager.googleapis.com/v1/projects/miniresume:testIamPermissions x-goog-quota-user=projects/miniresume
[debug] [2023-11-29T04:37:01.812Z] >>> [apiv2][body] POST https://cloudresourcemanager.googleapis.com/v1/projects/miniresume:testIamPermissions {"permissions":["firebase.projects.get","firebasehosting.sites.update"]}
[debug] [2023-11-29T04:37:03.410Z] <<< [apiv2][status] POST https://cloudresourcemanager.googleapis.com/v1/projects/miniresume:testIamPermissions 200
[debug] [2023-11-29T04:37:03.411Z] <<< [apiv2][body] POST https://cloudresourcemanager.googleapis.com/v1/projects/miniresume:testIamPermissions {"permissions":["firebase.projects.get","firebasehosting.sites.update"]}
[debug] [2023-11-29T04:37:03.413Z] >>> [apiv2][query] GET https://firebase.googleapis.com/v1beta1/projects/miniresume [none]
[debug] [2023-11-29T04:37:03.970Z] <<< [apiv2][status] GET https://firebase.googleapis.com/v1beta1/projects/miniresume 200
[debug] [2023-11-29T04:37:03.971Z] <<< [apiv2][body] GET https://firebase.googleapis.com/v1beta1/projects/miniresume {"projectId":"miniresume","projectNumber":"930323357303","displayName":"myportfolio","name":"projects/miniresume","resources":{"hostingSite":"miniresume"},"state":"ACTIVE","etag":"1_115a226e-cb4a-4c0f-ae25-48d287646c7b"}
[info] 
[info] === Deploying to 'miniresume'...
[info] 
[info] i  deploying hosting 
[debug] [2023-11-29T04:37:03.992Z] >>> [apiv2][query] POST https://firebasehosting.googleapis.com/v1beta1/projects/-/sites/miniresume/versions [none]
[debug] [2023-11-29T04:37:03.992Z] >>> [apiv2][body] POST https://firebasehosting.googleapis.com/v1beta1/projects/-/sites/miniresume/versions {"status":"CREATED","labels":{"deployment-tool":"cli-firebase"}}
[debug] [2023-11-29T04:37:05.294Z] <<< [apiv2][status] POST https://firebasehosting.googleapis.com/v1beta1/projects/-/sites/miniresume/versions 200
[debug] [2023-11-29T04:37:05.295Z] <<< [apiv2][body] POST https://firebasehosting.googleapis.com/v1beta1/projects/-/sites/miniresume/versions {"name":"projects/930323357303/sites/miniresume/versions/4b8fa94b7e399492","status":"CREATED","config":{},"labels":{"deployment-tool":"cli-firebase"}}
[info] i  hosting[miniresume]: beginning deploy... 
[info] i  hosting[miniresume]: found 19 files in build 
[debug] [2023-11-29T04:37:05.331Z] [hosting] uploading with 200 concurrency
[debug] [2023-11-29T04:37:05.385Z] [hosting] hash cache [YnVpbGQ] stored for 19 files
[debug] [2023-11-29T04:37:05.385Z] [hosting][hash queue][FINAL] {"max":43,"min":0,"avg":2.263157894736842,"active":0,"complete":19,"success":19,"errored":0,"retried":0,"total":19,"elapsed":48}
[debug] [2023-11-29T04:37:05.386Z] >>> [apiv2][query] POST https://firebasehosting.googleapis.com/v1beta1/projects/930323357303/sites/miniresume/versions/4b8fa94b7e399492:populateFiles [none]
[debug] [2023-11-29T04:37:05.386Z] >>> [apiv2][body] POST https://firebasehosting.googleapis.com/v1beta1/projects/930323357303/sites/miniresume/versions/4b8fa94b7e399492:populateFiles {"files":{"/404.html":"daa499dd96d8229e73235345702ba32f0793f0c8e5c0d30e40e37a5872be57aa","/asset-manifest.json":"97bf0d760e5e2b20f3c2335bd0c9a2d7c0f80ea5124dd5c6297d0ac2fc7b07ff","/logo192.png":"3ee59515172ee198f3be375979df15ac5345183e656720a381b8872b2a39dc8b","/logo512.png":"ee7e2f3fdb8209c4b6fd7bef6ba50d1b9dba30a25bb5c3126df057e1cb6f5331","/manifest.json":"aff3449bdc238776f5d6d967f19ec491b36aed5fb7f23ccff6500736fd58494a","/robots.txt":"bfe106a3fb878dc83461c86818bf74fc1bdc7f28538ba613cd3e775516ce8b49","/static/css/main.8564e98a.css":"1edfe348d935408a531892da69660fe132cd4fa11e1983862a8dd4acbef1aa9f","/static/css/main.8564e98a.css.map":"8b12a2bafedb70d9402ac6bc2da8d3ea538b59608357e8bfb93ab748dc9d2c02","/static/js/787.7da95b79.chunk.js":"448bb33db32d41f543f002483ca11ec8e9643f314630e70a6068ff9fa154a300","/static/js/787.7da95b79.chunk.js.map":"1a27a460707f3c8d0f85529199072c14934521d4321b6cc7839a764fea10ebf6","/static/js/main.dac431b8.js":"d3f65c4e98a5469b8038af89f0acc6c728bbe07fe02f37056596bdaa33e5f847","/static/js/main.dac431b8.js.LICENSE.txt":"a1e10079e8155bc5525d13d0464e64acbd892cb93e51621cce5f31f1c4cc8fe3","/static/js/main.dac431b8.js.map":"8df18ff4cfa73723b2a0892642eda07c8b2d8ed1de809db7f2845d276d5d7583","/static/media/calc.23c616eb904a65ee22de.png":"236dd45034e5b81d926b90b139b006cd6abe1e24b8e1a5600b56a74625090d21","/static/media/health.bb13d1040a7141d6b5a5.png":"1453c4419c078dc9eb05427f16293d068e466fae0c32f4b817a9d7f80df03731","/static/media/port.36e7075558b225765a54.png":"b7f3649b3d847d763db6ca38599fe2b62888f79f9fd33507a28ba88313b6fdda","/static/media/Resume.ee3150e6e2e979a0c271.pdf":"0212ae8a5880a9766b01fcc69df5b79e96834d24aceccecad980a273b5172c54","/static/media/todo.25c506b17666582f8c54.png":"c3358409a8557618dd6bf33e536040f35614e0657b2923f4b77471897c6fa237","/index.html":"b1a209f2f21071d5f0867518238c48c2b8ddd129b8b1971fb412e8c46da57547"}}
[debug] [2023-11-29T04:37:06.529Z] <<< [apiv2][status] POST https://firebasehosting.googleapis.com/v1beta1/projects/930323357303/sites/miniresume/versions/4b8fa94b7e399492:populateFiles 200
[debug] [2023-11-29T04:37:06.529Z] <<< [apiv2][body] POST https://firebasehosting.googleapis.com/v1beta1/projects/930323357303/sites/miniresume/versions/4b8fa94b7e399492:populateFiles {"uploadRequiredHashes":["b1a209f2f21071d5f0867518238c48c2b8ddd129b8b1971fb412e8c46da57547"],"uploadUrl":"https://upload-firebasehosting.googleapis.com/upload/sites/miniresume/versions/4b8fa94b7e399492/files"}
[debug] [2023-11-29T04:37:06.531Z] >>> [apiv2][query] POST https://upload-firebasehosting.googleapis.com/upload/sites/miniresume/versions/4b8fa94b7e399492/files/b1a209f2f21071d5f0867518238c48c2b8ddd129b8b1971fb412e8c46da57547 [none]
[debug] [2023-11-29T04:37:06.532Z] >>> [apiv2][body] POST https://upload-firebasehosting.googleapis.com/upload/sites/miniresume/versions/4b8fa94b7e399492/files/b1a209f2f21071d5f0867518238c48c2b8ddd129b8b1971fb412e8c46da57547 [stream]
[debug] [2023-11-29T04:37:06.534Z] [hosting][populate queue][FINAL] {"max":1148,"min":1148,"avg":1148,"active":0,"complete":1,"success":1,"errored":0,"retried":0,"total":1,"elapsed":1151}
[debug] [2023-11-29T04:37:06.535Z] [hosting] uploads queued: 1
[debug] [2023-11-29T04:37:08.025Z] <<< [apiv2][status] POST https://upload-firebasehosting.googleapis.com/upload/sites/miniresume/versions/4b8fa94b7e399492/files/b1a209f2f21071d5f0867518238c48c2b8ddd129b8b1971fb412e8c46da57547 200
[debug] [2023-11-29T04:37:08.026Z] <<< [apiv2][body] POST https://upload-firebasehosting.googleapis.com/upload/sites/miniresume/versions/4b8fa94b7e399492/files/b1a209f2f21071d5f0867518238c48c2b8ddd129b8b1971fb412e8c46da57547 [stream]
[debug] [2023-11-29T04:37:08.026Z] [hosting][upload queue][FINAL] {"max":1496,"min":1496,"avg":1496,"active":0,"complete":1,"success":1,"errored":0,"retried":0,"total":1,"elapsed":1496}
[info] +  hosting[miniresume]: file upload complete 
[debug] [2023-11-29T04:37:08.032Z] [hosting] deploy completed after 2731ms
[debug] [2023-11-29T04:37:08.034Z] [
  {
    "config": {
      "public": "build",
      "ignore": [
        "firebase.json",
        "**/.*",
        "**/node_modules/**"
      ],
      "site": "miniresume"
    },
    "version": "projects/930323357303/sites/miniresume/versions/4b8fa94b7e399492"
  }
]
[info] i  hosting[miniresume]: finalizing version... 
[debug] [2023-11-29T04:37:08.047Z] >>> [apiv2][query] PATCH https://firebasehosting.googleapis.com/v1beta1/projects/-/sites/miniresume/versions/4b8fa94b7e399492 updateMask=status%2Cconfig
[debug] [2023-11-29T04:37:08.047Z] >>> [apiv2][body] PATCH https://firebasehosting.googleapis.com/v1beta1/projects/-/sites/miniresume/versions/4b8fa94b7e399492 {"status":"FINALIZED","config":{}}
[debug] [2023-11-29T04:37:09.230Z] <<< [apiv2][status] PATCH https://firebasehosting.googleapis.com/v1beta1/projects/-/sites/miniresume/versions/4b8fa94b7e399492 200
[debug] [2023-11-29T04:37:09.231Z] <<< [apiv2][body] PATCH https://firebasehosting.googleapis.com/v1beta1/projects/-/sites/miniresume/versions/4b8fa94b7e399492 {"name":"projects/930323357303/sites/miniresume/versions/4b8fa94b7e399492","status":"FINALIZED","config":{},"labels":{"deployment-tool":"cli-firebase"},"createTime":"2023-11-29T04:37:05.345802Z","createUser":{"email":"209x1a0540@gprec.ac.in"},"finalizeTime":"2023-11-29T04:37:09.492501Z","finalizeUser":{"email":"209x1a0540@gprec.ac.in"}}
[debug] [2023-11-29T04:37:09.231Z] [hosting] finalized version for miniresume:[object Object]
[info] +  hosting[miniresume]: version finalized 
[info] i  hosting[miniresume]: releasing new version... 
[debug] [2023-11-29T04:37:09.241Z] >>> [apiv2][query] POST https://firebasehosting.googleapis.com/v1beta1/projects/-/sites/miniresume/channels/live/releases versionName=projects%2F930323357303%2Fsites%2Fminiresume%2Fversions%2F4b8fa94b7e399492
[debug] [2023-11-29T04:37:09.241Z] >>> [apiv2][body] POST https://firebasehosting.googleapis.com/v1beta1/projects/-/sites/miniresume/channels/live/releases {}
[debug] [2023-11-29T04:37:10.465Z] <<< [apiv2][status] POST https://firebasehosting.googleapis.com/v1beta1/projects/-/sites/miniresume/channels/live/releases 200
[debug] [2023-11-29T04:37:10.465Z] <<< [apiv2][body] POST https://firebasehosting.googleapis.com/v1beta1/projects/-/sites/miniresume/channels/live/releases {"name":"projects/930323357303/sites/miniresume/channels/live/releases/1701232630117000","version":{"name":"projects/930323357303/sites/miniresume/versions/4b8fa94b7e399492","status":"FINALIZED","config":{},"labels":{"deployment-tool":"cli-firebase"},"createTime":"2023-11-29T04:37:05.345802Z","createUser":{"email":"209x1a0540@gprec.ac.in","imageUrl":"https://lh3.googleusercontent.com/a/ACg8ocK8fZGZOoZiN4i9v1KWTWQTIO8OBmQtkL-O1a9zHP1GX9Y"},"finalizeTime":"2023-11-29T04:37:09.492501Z","finalizeUser":{"email":"209x1a0540@gprec.ac.in","imageUrl":"https://lh3.googleusercontent.com/a/ACg8ocK8fZGZOoZiN4i9v1KWTWQTIO8OBmQtkL-O1a9zHP1GX9Y"}},"type":"DEPLOY","releaseTime":"2023-11-29T04:37:10.117Z","releaseUser":{"email":"209x1a0540@gprec.ac.in","imageUrl":"https://lh3.googleusercontent.com/a/ACg8ocK8fZGZOoZiN4i9v1KWTWQTIO8OBmQtkL-O1a9zHP1GX9Y"}}
[debug] [2023-11-29T04:37:10.466Z] [hosting] release: {"name":"projects/930323357303/sites/miniresume/channels/live/releases/1701232630117000","version":{"name":"projects/930323357303/sites/miniresume/versions/4b8fa94b7e399492","status":"FINALIZED","config":{},"labels":{"deployment-tool":"cli-firebase"},"createTime":"2023-11-29T04:37:05.345802Z","createUser":{"email":"209x1a0540@gprec.ac.in","imageUrl":"https://lh3.googleusercontent.com/a/ACg8ocK8fZGZOoZiN4i9v1KWTWQTIO8OBmQtkL-O1a9zHP1GX9Y"},"finalizeTime":"2023-11-29T04:37:09.492501Z","finalizeUser":{"email":"209x1a0540@gprec.ac.in","imageUrl":"https://lh3.googleusercontent.com/a/ACg8ocK8fZGZOoZiN4i9v1KWTWQTIO8OBmQtkL-O1a9zHP1GX9Y"}},"type":"DEPLOY","releaseTime":"2023-11-29T04:37:10.117Z","releaseUser":{"email":"209x1a0540@gprec.ac.in","imageUrl":"https://lh3.googleusercontent.com/a/ACg8ocK8fZGZOoZiN4i9v1KWTWQTIO8OBmQtkL-O1a9zHP1GX9Y"}}
[info] +  hosting[miniresume]: release complete 
[info] 
[info] +  Deploy complete! 
[info] 
[info] Project Console: https://console.firebase.google.com/project/miniresume/overview
[info] Hosting URL: https://miniresume.web.app
[debug] [2023-11-29T04:37:36.822Z] Error: Timed out.
    at Timeout._onTimeout (C:\Users\ACER\AppData\Roaming\npm\node_modules\firebase-tools\lib\utils.js:254:49)
    at listOnTimeout (node:internal/timers:569:17)
    at process.processTimers (node:internal/timers:512:7)
[error] 
[error] Error: An unexpected error has occurred.
